2019-03-25 14:10:50.108  

************ Package Script  ************************************* process id: 21807
2019-03-25 14:10:51.939  Package Script : npm
2019-03-25 14:10:51.951  Package Script :  
2019-03-25 14:10:51.955  Package Script : ERR! 
2019-03-25 14:10:51.957  Package Script : code
2019-03-25 14:10:51.958  Package Script :  ERR_INVALID_ARG_TYPE

2019-03-25 14:10:51.959  Package Script : npm
2019-03-25 14:10:51.960  Package Script :  ERR! The "url" argument must be of type string. Received type undefined

2019-03-25 14:10:51.978  Package Script : 

2019-03-25 14:10:51.985  Package Script : npm ERR! A complete log of this run can be found in:
npm ERR!     /home/pudding/.npm/_logs/2019-03-25T06_10_51_968Z-debug.log

2019-03-25 14:10:51.989  Package Script Complete 1
2019-03-25 14:10:53.793  Package Script : npm
2019-03-25 14:10:53.794  Package Script :  ERR! code ERR_INVALID_ARG_TYPE

2019-03-25 14:10:53.802  Package Script : npm
2019-03-25 14:10:53.804  Package Script :  
2019-03-25 14:10:53.812  Package Script : ERR!
2019-03-25 14:10:53.813  Package Script :  The "url" argument must be of type string. Received type undefined

2019-03-25 14:10:53.827  Package Script : 

2019-03-25 14:10:53.829  Package Script : npm ERR! A complete log of this run can be found in:
npm ERR!     /home/pudding/.npm/_logs/2019-03-25T06_10_53_818Z-debug.log

2019-03-25 14:10:53.837  Package Script Complete 1
2019-03-25 14:10:55.623  Package Script : npm ERR! code ERR_INVALID_ARG_TYPE

2019-03-25 14:10:55.625  Package Script : npm ERR! The "url" argument must be of type string. Received type undefined

2019-03-25 14:10:55.642  Package Script : 

2019-03-25 14:10:55.644  Package Script : npm
2019-03-25 14:10:55.645  Package Script :  
2019-03-25 14:10:55.645  Package Script : ERR!
2019-03-25 14:10:55.646  Package Script :  A complete log of this run can be found in:

2019-03-25 14:10:55.647  Package Script : npm
2019-03-25 14:10:55.648  Package Script :  
2019-03-25 14:10:55.654  Package Script : ERR!
2019-03-25 14:10:55.655  Package Script :      /home/pudding/.npm/_logs/2019-03-25T06_10_55_632Z-debug.log

2019-03-25 14:10:55.667  Package Script Complete 1
2019-03-25 14:10:57.511  Package Script : npm
2019-03-25 14:10:57.519  Package Script :  
2019-03-25 14:10:57.523  Package Script : ERR!
2019-03-25 14:10:57.525  Package Script :  
2019-03-25 14:10:57.526  Package Script : code
2019-03-25 14:10:57.531  Package Script :  ERR_INVALID_ARG_TYPE

2019-03-25 14:10:57.541  Package Script : npm
2019-03-25 14:10:57.543  Package Script :  
2019-03-25 14:10:57.546  Package Script : ERR!
2019-03-25 14:10:57.547  Package Script :  The "url" argument must be of type string. Received type undefined

2019-03-25 14:10:57.593  Package Script : 
npm ERR! A complete log of this run can be found in:
npm ERR!     /home/pudding/.npm/_logs/2019-03-25T06_10_57_554Z-debug.log

2019-03-25 14:10:57.610  Package Script Complete 1
2019-03-25 14:11:23.933  

************ Package Script  ************************************* process id: 22050
2019-03-25 14:11:26.846  Package Script : npm
2019-03-25 14:11:26.847  Package Script :  
2019-03-25 14:11:26.847  Package Script : WARN
2019-03-25 14:11:26.848  Package Script :  @babel/plugin-proposal-object-rest-spread@7.4.0 requires a peer of @babel/core@^7.0.0-0 but none is installed. You must install peer dependencies yourself.

2019-03-25 14:11:26.849  Package Script : npm
2019-03-25 14:11:26.849  Package Script :  
2019-03-25 14:11:26.850  Package Script : WARN
2019-03-25 14:11:26.851  Package Script :  @babel/plugin-syntax-object-rest-spread@7.2.0 requires a peer of @babel/core@^7.0.0-0 but none is installed. You must install peer dependencies yourself.

2019-03-25 14:11:26.852  Package Script : 

2019-03-25 14:11:26.859  CAT Installer: + @babel/plugin-proposal-object-rest-spread@7.4.0
added 3 packages from 1 contributor in 1.557s

2019-03-25 14:11:26.881  Package Script Complete 0
2019-03-25 14:11:42.646  Package Script : npm WARN
2019-03-25 14:11:42.646  Package Script :  @babel/preset-env@7.4.2 requires a peer of @babel/core@^7.0.0-0 but none is installed. You must install peer dependencies yourself.
npm WARN @babel/plugin-syntax-object-rest-spread@7.2.0 requires a peer of @babel/core@^7.0.0-0 but none is installed. You must install peer dependencies yourself.
npm WARN
2019-03-25 14:11:42.646  Package Script :  @babel/plugin-proposal-object-rest-spread@7.4.0 requires a peer of @babel/core@^7.0.0-0 but none is installed. You must install peer dependencies yourself.
npm WARN @babel/plugin-proposal-async-generator-functions@7.2.0 requires a peer of @babel/core@^7.0.0-0 but none is installed. You must install peer dependencies yourself.
npm WARN @babel/plugin-syntax-optional-catch-binding@7.2.0 requires a peer of @babel/core@^7.0.0-0 but none is installed. You must install peer dependencies yourself.

2019-03-25 14:11:42.647  Package Script : npm WARN @babel/plugin-proposal-optional-catch-binding@7.2.0 requires a peer of @babel/core@^7.0.0-0 but none is installed. You must install peer dependencies yourself.
npm WARN
2019-03-25 14:11:42.647  Package Script :  @babel/plugin-transform-block-scoped-functions@7.2.0 requires a peer of @babel/core@^7.0.0-0 but none is installed. You must install peer dependencies yourself.
npm WARN @babel/plugin-proposal-unicode-property-regex@7.4.0 requires a peer of @babel/core@^7.0.0-0 but none is installed. You must install peer dependencies yourself.
npm
2019-03-25 14:11:42.647  Package Script :  WARN @babel/plugin-syntax-json-strings@7.2.0 requires a peer of @babel/core@^7.0.0-0 but none is installed. You must install peer dependencies yourself.
npm WARN
2019-03-25 14:11:42.647  Package Script :  @babel/plugin-proposal-json-strings@7.2.0 requires a peer of @babel/core@^7.0.0-0 but none is installed. You must install peer dependencies yourself.
npm WARN @babel/plugin-syntax-async-generators@7.2.0 requires a peer of @babel/core@^7.0.0-0 but none is installed. You must install peer dependencies yourself.
npm
2019-03-25 14:11:42.647  Package Script :  WARN @babel/plugin-transform-arrow-functions@7.2.0 requires a peer of @babel/core@^7.0.0-0 but none is installed. You must install peer dependencies yourself.
npm WARN
2019-03-25 14:11:42.648  Package Script :  @babel/plugin-transform-async-to-generator@7.4.0 requires a peer of @babel/core@^7.0.0-0 but none is installed. You must install peer dependencies yourself.
npm WARN @babel/plugin-transform-block-scoping@7.4.0 requires a peer of @babel/core@^7.0.0-0 but none is installed. You must install peer dependencies yourself.
npm
2019-03-25 14:11:42.648  Package Script :  WARN @babel/plugin-transform-classes@7.4.0 requires a peer of @babel/core@^7.0.0-0 but none is installed. You must install peer dependencies yourself.
npm WARN @babel/plugin-transform-destructuring@7.4.0 requires a peer of @babel/core@^7.0.0-0 but none is installed. You must install peer dependencies yourself.

2019-03-25 14:11:42.648  Package Script : npm WARN @babel/plugin-transform-dotall-regex@7.2.0 requires a peer of @babel/core@^7.0.0-0 but none is installed. You must install peer dependencies yourself.
npm 
2019-03-25 14:11:42.648  Package Script : WARN @babel/plugin-transform-computed-properties@7.2.0 requires a peer of @babel/core@^7.0.0-0 but none is installed. You must install peer dependencies yourself.
npm WARN @babel/plugin-transform-exponentiation-operator@7.2.0 requires a peer of @babel/core@^7.0.0-0 but none is installed. You must install peer dependencies yourself.

2019-03-25 14:11:42.648  Package Script : npm WARN @babel/plugin-transform-for-of@7.4.0 requires a peer of @babel/core@^7.0.0-0 but none is installed. You must install peer dependencies yourself.
npm WARN
2019-03-25 14:11:42.649  Package Script :  @babel/plugin-transform-duplicate-keys@7.2.0 requires a peer of @babel/core@^7.0.0-0 but none is installed. You must install peer dependencies yourself.
npm WARN @babel/plugin-transform-function-name@7.2.0 requires a peer of @babel/core@^7.0.0-0 but none is installed. You must install peer dependencies yourself.
npm
2019-03-25 14:11:42.649  Package Script :  WARN @babel/plugin-transform-literals@7.2.0 requires a peer of @babel/core@^7.0.0-0 but none is installed. You must install peer dependencies yourself.
npm WARN
2019-03-25 14:11:42.649  Package Script :  @babel/plugin-transform-modules-amd@7.2.0 requires a peer of @babel/core@^7.0.0-0 but none is installed. You must install peer dependencies yourself.
npm WARN @babel/plugin-transform-modules-commonjs@7.4.0 requires a peer of @babel/core@^7.0.0-0 but none is installed. You must install peer dependencies yourself.
npm 
2019-03-25 14:11:42.649  Package Script : WARN @babel/plugin-transform-named-capturing-groups-regex@7.4.2 requires a peer of @babel/core@^7.0.0 but none is installed. You must install peer dependencies yourself.
npm WARN @babel/plugin-transform-modules-systemjs@7.4.0 requires a peer of @babel/core@^7.0.0-0 but none is installed. You must install peer dependencies yourself.

2019-03-25 14:11:42.650  Package Script : npm WARN @babel/plugin-transform-modules-umd@7.2.0 requires a peer of @babel/core@^7.0.0-0 but none is installed. You must install peer dependencies yourself.
npm WARN
2019-03-25 14:11:42.659  Package Script :  @babel/plugin-transform-object-super@7.2.0 requires a peer of @babel/core@^7.0.0-0 but none is installed. You must install peer dependencies yourself.
npm WARN @babel/plugin-transform-new-target@7.4.0 requires a peer of @babel/core@^7.0.0-0 but none is installed. You must install peer dependencies yourself.
npm
2019-03-25 14:11:42.670  Package Script :  WARN @babel/plugin-transform-parameters@7.4.0 requires a peer of @babel/core@^7.0.0-0 but none is installed. You must install peer dependencies yourself.
npm WARN @babel/plugin-transform-regenerator@7.4.0 requires a peer of @babel/core@^7.0.0-0 but none is installed. You must install peer dependencies yourself.
npm WARN @babel/plugin-transform-shorthand-properties@7.2.0 requires a peer of @babel/core@^7.0.0-0 but none is installed. You must install peer dependencies yourself.
npm WARN @babel/plugin-transform-spread@7.2.2 requires a peer of @babel/core@^7.0.0-0 but none is installed. You must install peer dependencies yourself.
npm WARN @babel/plugin-transform-sticky-regex@7.2.0 requires a peer of @babel/core@^7.0.0-0 but none is installed. You must install peer dependencies yourself.
npm WARN @babel/plugin-transform-template-literals@7.2.0 requires a peer of @babel/core@^7.0.0-0 but none is installed. You must install peer dependencies yourself.
npm WARN @babel/plugin-transform-typeof-symbol@7.2.0 requires a peer of @babel/core@^7.0.0-0 but none is installed. You must install peer dependencies yourself.
npm WARN @babel/plugin-transform-unicode-regex@7.2.0 requires a peer of @babel/core@^7.0.0-0 but none is installed. You must install peer dependencies yourself.


2019-03-25 14:11:42.672  CAT Installer: + @babel/preset-env@7.4.2
added 105 packages from 60 contributors in 14.397s

2019-03-25 14:11:42.683  Package Script Complete 0
2019-03-25 14:11:45.278  CAT Installer: /usr/bin/acorn -> /usr/lib/node_modules/acorn/bin/acorn

2019-03-25 14:11:45.296  CAT Installer: + acorn@6.1.1
added 1 package in 1.141s

2019-03-25 14:11:45.345  Package Script Complete 0
2019-03-25 14:11:49.65  CAT Installer: + ajv@6.10.0
added 6 packages from 4 contributors in 1.915s

2019-03-25 14:11:49.80  Package Script Complete 0
2019-03-25 14:11:58.286  CAT Installer: + babel-core@6.26.3
added 52 packages from 56 contributors in 7.635s

2019-03-25 14:11:58.314  Package Script Complete 0
2019-03-25 14:12:05.762  Package Script : npm
2019-03-25 14:12:05.765  Package Script :  WARN babel-loader@8.0.5 requires a peer of @babel/core@^7.0.0 but none is installed. You must install peer dependencies yourself.
npm WARN babel-loader@8.0.5 requires a peer of webpack@>=2 but none is installed. You must install peer dependencies yourself.

2019-03-25 14:12:05.765  Package Script : 

2019-03-25 14:12:05.769  CAT Installer: + babel-loader@8.0.5
added 33 packages from 20 contributors in 5.179s

2019-03-25 14:12:06.50  Package Script Complete 0
2019-03-25 14:12:10.517  CAT Installer: + babel-plugin-transform-runtime@6.23.0
added 4 packages from 2 contributors in 2.951s

2019-03-25 14:12:10.551  Package Script Complete 0
2019-03-25 14:12:22.52  CAT Installer: + babel-preset-env@1.7.0
added 78 packages from 17 contributors in 9.843s

2019-03-25 14:12:22.78  Package Script Complete 0
2019-03-25 14:12:26.366  CAT Installer: + chai@4.2.0
added 7 packages from 20 contributors in 2.077s

2019-03-25 14:12:26.402  Package Script Complete 0
2019-03-25 14:12:32.169  CAT Installer: + cheerio@1.0.0-rc.2
added 19 packages from 45 contributors in 3.968s

2019-03-25 14:12:32.193  Package Script Complete 0
2019-03-25 14:12:35.556  CAT Installer: + codemirror@5.45.0
added 1 package from 801 contributors in 1.878s

2019-03-25 14:12:35.575  Package Script Complete 0
2019-03-25 14:12:40.979  Package Script : npm 
2019-03-25 14:12:40.980  Package Script : WARN css-loader@2.1.1 requires a peer of webpack@^4.0.0 but none is installed. You must install peer dependencies yourself.

2019-03-25 14:12:41.0  Package Script : 

2019-03-25 14:12:41.4  CAT Installer: + css-loader@2.1.1
added 38 packages from 60 contributors in 3.942s

2019-03-25 14:12:41.40  Package Script Complete 0
2019-03-25 14:12:54.778  CAT Installer: + cssnano@4.1.10
added 138 packages from 114 contributors in 11.949s

2019-03-25 14:12:54.829  Package Script Complete 0
2019-03-25 14:12:59.962  Package Script : npm WARN
2019-03-25 14:12:59.962  Package Script :  extract-text-webpack-plugin@3.0.2 requires a peer of webpack@^3.1.0 but none is installed. You must install peer dependencies yourself.

2019-03-25 14:12:59.963  Package Script : 

2019-03-25 14:12:59.967  CAT Installer: + extract-text-webpack-plugin@3.0.2
added 17 packages from 52 contributors in 3.423s

2019-03-25 14:12:59.990  Package Script Complete 0
2019-03-25 14:13:07.395  Package Script : npm
2019-03-25 14:13:07.396  Package Script :  
2019-03-25 14:13:07.397  Package Script : WARN
2019-03-25 14:13:07.398  Package Script :  html-webpack-plugin@3.2.0 requires a peer of webpack@^1.0.0 || ^2.0.0 || ^3.0.0 || ^4.0.0 but none is installed. You must install peer dependencies yourself.

2019-03-25 14:13:07.401  Package Script : 

2019-03-25 14:13:07.410  CAT Installer: + html-webpack-plugin@3.2.0
added 56 packages from 73 contributors in 5.884s

2019-03-25 14:13:07.441  Package Script Complete 0
2019-03-25 14:13:57.373  CAT Installer: /usr/bin/jest -> /usr/lib/node_modules/jest/bin/jest.js

2019-03-25 14:13:58.38  CAT Installer: + jest@24.5.0
added 488 packages from 388 contributors in 49.238s

2019-03-25 14:13:58.97  Package Script Complete 0
2019-03-25 14:14:13.977  CAT Installer: + jest-environment-node@24.5.0
added 269 packages from 202 contributors in 14.104s

2019-03-25 14:14:14.2  Package Script Complete 0
2019-03-25 14:14:17.356  Package Script : npm
2019-03-25 14:14:17.357  Package Script :  
2019-03-25 14:14:17.358  Package Script : WARN
2019-03-25 14:14:17.359  Package Script :  jest-environment-selenium@2.1.0 requires a peer of jest@>=23.0.0 but none is installed. You must install peer dependencies yourself.

2019-03-25 14:14:17.361  Package Script : npm
2019-03-25 14:14:17.362  Package Script :  
2019-03-25 14:14:17.363  Package Script : WARN
2019-03-25 14:14:17.364  Package Script :  jest-environment-selenium@2.1.0 requires a peer of jest-environment-node@^23.1.0 but none is installed. You must install peer dependencies yourself.

2019-03-25 14:14:17.367  Package Script : npm
2019-03-25 14:14:17.368  Package Script :  
2019-03-25 14:14:17.369  Package Script : WARN
2019-03-25 14:14:17.370  Package Script :  jest-environment-selenium@2.1.0 requires a peer of selenium-webdriver@4.0.0-alpha.1 but none is installed. You must install peer dependencies yourself.

2019-03-25 14:14:17.372  Package Script : 

2019-03-25 14:14:17.375  CAT Installer: + jest-environment-selenium@2.1.0
added 1 package in 1.927s

2019-03-25 14:14:17.395  Package Script Complete 0
2019-03-25 14:14:20.521  CAT Installer: + jquery@3.3.1
added 1 package from 1 contributor in 1.398s

2019-03-25 14:14:20.538  Package Script Complete 0
2019-03-25 14:14:23.419  CAT Installer: /usr/bin/json2csv -> /usr/lib/node_modules/json2csv/bin/json2csv.js

2019-03-25 14:14:23.446  CAT Installer: + json2csv@4.3.5
added 4 packages from 6 contributors in 1.448s

2019-03-25 14:14:23.468  Package Script Complete 0
2019-03-25 14:14:30.877  CAT Installer: /usr/bin/lessc -> /usr/lib/node_modules/less/bin/lessc

2019-03-25 14:14:31.18  CAT Installer: + less@3.9.0
added 60 packages from 123 contributors in 6.083s

2019-03-25 14:14:31.107  Package Script Complete 0
2019-03-25 14:14:34.267  Package Script : npm
2019-03-25 14:14:34.268  Package Script :  
2019-03-25 14:14:34.269  Package Script : WARN
2019-03-25 14:14:34.270  Package Script :  less-loader@4.1.0 requires a peer of less@^2.3.1 || ^3.0.0 but none is installed. You must install peer dependencies yourself.

2019-03-25 14:14:34.271  Package Script : npm
2019-03-25 14:14:34.271  Package Script :  
2019-03-25 14:14:34.272  Package Script : WARN
2019-03-25 14:14:34.272  Package Script :  less-loader@4.1.0 requires a peer of webpack@^2.0.0 || ^3.0.0 || ^4.0.0 but none is installed. You must install peer dependencies yourself.

2019-03-25 14:14:34.275  Package Script : 

2019-03-25 14:14:34.279  CAT Installer: + less-loader@4.1.0
added 8 packages from 32 contributors in 1.631s

2019-03-25 14:14:34.298  Package Script Complete 0
2019-03-25 14:14:38.457  Package Script : npm
2019-03-25 14:14:38.458  Package Script :  
2019-03-25 14:14:38.459  Package Script : WARN
2019-03-25 14:14:38.459  Package Script :  mini-css-extract-plugin@0.5.0 requires a peer of webpack@^4.4.0 but none is installed. You must install peer dependencies yourself.

2019-03-25 14:14:38.461  Package Script : 

2019-03-25 14:14:38.465  CAT Installer: + mini-css-extract-plugin@0.5.0
added 18 packages from 48 contributors in 2.53s

2019-03-25 14:14:38.492  Package Script Complete 0
2019-03-25 14:14:51.909  CAT Installer: /usr/bin/mocha -> /usr/lib/node_modules/mocha/bin/mocha

2019-03-25 14:14:51.924  CAT Installer: /usr/bin/_mocha -> /usr/lib/node_modules/mocha/bin/_mocha

2019-03-25 14:14:52.151  CAT Installer: + mocha@6.0.2
added 230 packages from 589 contributors in 12.099s

2019-03-25 14:14:52.171  Package Script Complete 0
2019-03-25 14:14:55.685  CAT Installer: + node-stream-zip@1.8.0
added 1 package from 1 contributor in 2.069s

2019-03-25 14:14:55.701  Package Script Complete 0
2019-03-25 14:15:06.650  Package Script : npm
2019-03-25 14:15:06.658  Package Script :  
2019-03-25 14:15:06.661  Package Script : WARN
2019-03-25 14:15:06.663  Package Script :  optimize-css-assets-webpack-plugin@5.0.1 requires a peer of webpack@^4.0.0 but none is installed. You must install peer dependencies yourself.

2019-03-25 14:15:06.669  Package Script : 

2019-03-25 14:15:06.678  CAT Installer: + optimize-css-assets-webpack-plugin@5.0.1
added 143 packages from 116 contributors in 9.512s

2019-03-25 14:15:06.712  Package Script Complete 0
2019-03-25 14:15:43.574  Package Script : npm 
2019-03-25 14:15:43.575  Package Script : WARN deprecated uws@9.148.0: New code is available at github.com/uNetworking/uWebSockets.js

2019-03-25 14:16:11.590  CAT Installer: /usr/bin/popper -> /usr/lib/node_modules/popper/cli

2019-03-25 14:16:11.796  CAT Installer: 
> uws@9.148.0 install /usr/lib/node_modules/popper/node_modules/uws
> node-gyp rebuild > build_log.txt 2>&1 || exit 0


2019-03-25 14:16:11.835  Package Script : sh: 1: cannot create build_log.txt: Permission denied

2019-03-25 14:16:11.859  CAT Installer: 
> wd@1.11.1 install /usr/lib/node_modules/popper/node_modules/wd
> node scripts/build-browser-scripts


2019-03-25 14:16:12.62  Package Script : /usr/lib/node_modules/popper/node_modules/mkdirp/index.js:90
                    throw err0;
                    ^

Error: EACCES: permission denied, mkdir '/usr/lib/node_modules/popper/node_modules/wd/build'
    at Object.mkdirSync (fs.js:753:3)
    at sync (/usr/lib/node_modules/popper/node_modules/mkdirp/index.js:71:13)
    at Object.<anonymous> (/usr/lib/node_modules/popper/node_modules/wd/scripts/build-browser-scripts.js:6:1)
    at Module._compile (internal/modules/cjs/loader.js:689:30)
    at Object.Module._extensions..js (internal/modules/cjs/loader.js:700:10)
    at Module.load (internal/modules/cjs/loader.js:599:32)
    at tryModuleLoad (internal/modules/cjs/loader.js:538:12)
    at Function.Module._load (internal/modules/cjs/loader.js:530:3)
    at Function.Module.runMain (internal/modules/cjs/loader.js:742:12)
    at startup (internal/bootstrap/node.js:283:19)

2019-03-25 14:16:15.61  Package Script : npm
2019-03-25 14:16:15.62  Package Script :  WARN optional SKIPPING OPTIONAL DEPENDENCY: fsevents@1.2.7 (node_modules/popper/node_modules/fsevents):
npm WARN notsup SKIPPING OPTIONAL DEPENDENCY: Unsupported platform for fsevents@1.2.7: wanted {"os":"darwin","arch":"any"} (current: {"os":"linux","arch":"x64"})

2019-03-25 14:16:15.62  Package Script : 

2019-03-25 14:16:15.78  Package Script : npm
2019-03-25 14:16:15.78  Package Script :  ERR! code ELIFECYCLE
npm ERR! errno
2019-03-25 14:16:15.79  Package Script :  1

2019-03-25 14:16:15.86  Package Script : npm ERR!
2019-03-25 14:16:15.87  Package Script :  wd@1.11.1 install: `node scripts/build-browser-scripts`
npm ERR! Exit status 1
npm ERR! 
npm ERR! Failed at the wd@1.11.1 install script.
npm ERR! This is probably not a problem with npm. There is likely additional logging output above.

2019-03-25 14:16:15.272  Package Script : 
npm ERR! A complete log of this run can be found in:
npm ERR!     /home/pudding/.npm/_logs/2019-03-25T06_16_15_167Z-debug.log

2019-03-25 14:16:15.368  Package Script Complete 1
2019-03-25 14:16:20.666  CAT Installer: + postcss-loader@3.0.0
added 40 packages from 71 contributors in 3.797s

2019-03-25 14:16:20.692  Package Script Complete 0
2019-03-25 14:16:24.149  Package Script : npm
2019-03-25 14:16:24.150  Package Script :  
2019-03-25 14:16:24.151  Package Script : WARN
2019-03-25 14:16:24.152  Package Script :  preload-webpack-plugin@2.3.0 requires a peer of webpack@^3.2.0 but none is installed. You must install peer dependencies yourself.

2019-03-25 14:16:24.154  Package Script : 

2019-03-25 14:16:24.157  CAT Installer: + preload-webpack-plugin@2.3.0
added 14 packages from 11 contributors in 1.935s

2019-03-25 14:16:24.178  Package Script Complete 0
2019-03-25 14:20:00.285  

************ Package Script  ************************************* process id: 25443
2019-03-25 14:21:57.391  Package Script : npm
2019-03-25 14:21:57.405  Package Script :  
2019-03-25 14:21:57.417  Package Script : WARN
2019-03-25 14:21:57.418  Package Script :  
2019-03-25 14:21:57.419  Package Script : deprecated
2019-03-25 14:21:57.420  Package Script :  uws@9.148.0: New code is available at github.com/uNetworking/uWebSockets.js

2019-03-25 14:23:24.348  CAT Installer: /usr/bin/acorn -> /usr/lib/node_modules/acorn/bin/acorn

2019-03-25 14:23:27.298  CAT Installer: /usr/bin/jest -> /usr/lib/node_modules/jest/bin/jest.js

2019-03-25 14:23:27.305  CAT Installer: /usr/bin/json2csv -> /usr/lib/node_modules/json2csv/bin/json2csv.js

2019-03-25 14:23:27.322  CAT Installer: /usr/bin/lessc -> /usr/lib/node_modules/less/bin/lessc

2019-03-25 14:23:27.337  CAT Installer: /usr/bin/mocha -> /usr/lib/node_modules/mocha/bin/mocha

2019-03-25 14:23:27.340  CAT Installer: /usr/bin/_mocha -> /usr/lib/node_modules/mocha/bin/_mocha

2019-03-25 14:23:27.388  CAT Installer: /usr/bin/popper -> /usr/lib/node_modules/popper/cli

2019-03-25 14:23:27.430  CAT Installer: /usr/bin/selenium-side-runner -> /usr/lib/node_modules/selenium-side-runner/dist/index.js

2019-03-25 14:23:27.510  CAT Installer: /usr/bin/webpack-cli -> /usr/lib/node_modules/webpack-cli/bin/cli.js

2019-03-25 14:23:27.551  CAT Installer: /usr/bin/webpack -> /usr/lib/node_modules/webpack/bin/webpack.js

2019-03-25 14:23:28.61  CAT Installer: 
> uws@9.148.0 install /usr/lib/node_modules/popper/node_modules/uws
> node-gyp rebuild > build_log.txt 2>&1 || exit 0


2019-03-25 14:23:28.127  Package Script : sh: 1: 
2019-03-25 14:23:28.129  Package Script : cannot create build_log.txt: Permission denied

2019-03-25 14:23:28.845  CAT Installer: 
> wd@1.11.1 install /usr/lib/node_modules/popper/node_modules/wd
> node scripts/build-browser-scripts


2019-03-25 14:23:29.440  Package Script : /usr/lib/node_modules/popper/node_modules/mkdirp/index.js:90
                    throw err0;
                    ^

Error: EACCES: permission denied, mkdir '/usr/lib/node_modules/popper/node_modules/wd/build'
    at Object.mkdirSync (fs.js:753:3)
    at sync (/usr/lib/node_modules/popper/node_modules/mkdirp/index.js:71:13)
    at Object.<anonymous> (/usr/lib/node_modules/popper/node_modules/wd/scripts/build-browser-scripts.js:6:1)
    at Module._compile (internal/modules/cjs/loader.js:689:30)
    at Object.Module._extensions..js (internal/modules/cjs/loader.js:700:10)
    at Module.load (internal/modules/cjs/loader.js:599:32)
    at tryModuleLoad (internal/modules/cjs/loader.js:538:12)
    at Function.Module._load (internal/modules/cjs/loader.js:530:3)
    at Function.Module.runMain (internal/modules/cjs/loader.js:742:12)
    at startup (internal/bootstrap/node.js:283:19)

2019-03-25 14:23:32.284  Package Script : npm WARN @babel/plugin-proposal-object-rest-spread@7.4.0 requires a peer of @babel/core@^7.0.0-0 but none is installed. You must install peer dependencies yourself.

2019-03-25 14:23:32.284  Package Script : npm WARN @babel/plugin-syntax-object-rest-spread@7.2.0 requires a peer of @babel/core@^7.0.0-0 but none is installed. You must install peer dependencies yourself.
npm WARN babel-loader@8.0.5 requires a peer of @babel/core@^7.0.0 but none is installed. You must install peer dependencies yourself.
npm WARN @babel/preset-env@7.4.2 requires a peer of @babel/core@^7.0.0-0 but none is installed. You must install peer dependencies yourself.
npm 
2019-03-25 14:23:32.287  Package Script : WARN @babel/plugin-syntax-object-rest-spread@7.2.0 requires a peer of @babel/core@^7.0.0-0 but none is installed. You must install peer dependencies yourself.
npm WARN @babel/plugin-proposal-json-strings@7.2.0 requires a peer of @babel/core@^7.0.0-0 but none is installed. You must install peer dependencies yourself.
npm WARN @babel/plugin-syntax-json-strings@7.2.0 requires a peer of @babel/core@^7.0.0-0 but none is installed. You must install peer dependencies yourself.
npm WARN @babel/plugin-proposal-unicode-property-regex@7.4.0 requires a peer of @babel/core@^7.0.0-0 but none is installed. You must install peer dependencies yourself.
npm WARN @babel/plugin-syntax-async-generators@7.2.0 requires a peer of @babel/core@^7.0.0-0 but none is installed. You must install peer dependencies yourself.
npm WARN @babel/plugin-syntax-optional-catch-binding@7.2.0 requires a peer of @babel/core@^7.0.0-0 but none is installed. You must install peer dependencies yourself.
npm WARN @babel/plugin-proposal-optional-catch-binding@7.2.0 requires a peer of @babel/core@^7.0.0-0 but none is installed. You must install peer dependencies yourself.
npm WARN @babel/plugin-transform-arrow-functions@7.2.0 requires a peer of @babel/core@^7.0.0-0 but none is installed. You must install peer dependencies yourself.
npm WARN @babel/plugin-proposal-async-generator-functions@7.2.0 requires a peer of @babel/core@^7.0.0-0 but none is installed. You must install peer dependencies yourself.
npm WARN @babel/plugin-transform-async-to-generator@7.4.0 requires a peer of @babel/core@^7.0.0-0 but none is installed. You must install peer dependencies yourself.
npm WARN @babel/plugin-transform-block-scoping@7.4.0 requires a peer of @babel/core@^7.0.0-0 but none is installed. You must install peer dependencies yourself.
npm WARN @babel/plugin-transform-classes@7.4.0 requires a peer of @babel/core@^7.0.0-0 but none is installed. You must install peer dependencies yourself.
npm WARN @babel/plugin-transform-block-scoped-functions@7.2.0 requires a peer of @babel/core@^7.0.0-0 but none is installed. You must install peer dependencies yourself.
npm WARN @babel/plugin-transform-destructuring@7.4.0 requires a peer of @babel/core@^7.0.0-0 but none is installed. You must install peer dependencies yourself.
npm WARN @babel/plugin-transform-dotall-regex@7.2.0 requires a peer of @babel/core@^7.0.0-0 but none is installed. You must install peer dependencies yourself.
npm WARN @babel/plugin-transform-computed-properties@7.2.0 requires a peer of @babel/core@^7.0.0-0 but none is installed. You must install peer dependencies yourself.
npm WARN @babel/plugin-transform-exponentiation-operator@7.2.0 requires a peer of @babel/core@^7.0.0-0 but none is installed. You must install peer dependencies yourself.
npm WARN @babel/plugin-transform-duplicate-keys@7.2.0 requires a peer of @babel/core@^7.0.0-0 but none is installed. You must install peer dependencies yourself.
npm WARN @babel/plugin-transform-for-of@7.4.0 requires a peer of @babel/core@^7.0.0-0 but none is installed. You must install peer dependencies yourself.
npm WARN @babel/plugin-transform-function-name@7.2.0 requires a peer of @babel/core@^7.0.0-0 but none is installed. You must install peer dependencies yourself.
npm WARN @babel/plugin-transform-named-capturing-groups-regex@7.4.2 requires a peer of @babel/core@^7.0.0 but none is installed. You must install peer dependencies yourself.
npm WARN
2019-03-25 14:23:32.288  Package Script :  @babel/plugin-transform-modules-amd@7.2.0 requires a peer of @babel/core@^7.0.0-0 but none is installed. You must install peer dependencies yourself.
npm WARN @babel/plugin-transform-modules-umd@7.2.0 requires a peer of @babel/core@^7.0.0-0 but none is installed. You must install peer dependencies yourself.
npm WARN @babel/plugin-transform-literals@7.2.0 requires a peer of @babel/core@^7.0.0-0 but none is installed. You must install peer dependencies yourself.
npm WARN @babel/plugin-transform-modules-commonjs@7.4.0 requires a peer of @babel/core@^7.0.0-0 but none is installed. You must install peer dependencies yourself.
npm WARN @babel/plugin-transform-modules-systemjs@7.4.0 requires a peer of @babel/core@^7.0.0-0 but none is installed. You must install peer dependencies yourself.

2019-03-25 14:23:32.288  Package Script : npm WARN @babel/plugin-transform-new-target@7.4.0 requires a peer of @babel/core@^7.0.0-0 but none is installed. You must install peer dependencies yourself.

2019-03-25 14:23:32.288  Package Script : npm WARN @babel/plugin-transform-object-super@7.2.0 requires a peer of @babel/core@^7.0.0-0 but none is installed. You must install peer dependencies yourself.

2019-03-25 14:23:32.288  Package Script : npm WARN
2019-03-25 14:23:32.289  Package Script :  @babel/plugin-transform-parameters@7.4.0 requires a peer of @babel/core@^7.0.0-0 but none is installed. You must install peer dependencies yourself.
npm 
2019-03-25 14:23:32.289  Package Script : WARN @babel/plugin-transform-regenerator@7.4.0 requires a peer of @babel/core@^7.0.0-0 but none is installed. You must install peer dependencies yourself.
npm
2019-03-25 14:23:32.292  Package Script :  WARN @babel/plugin-transform-sticky-regex@7.2.0 requires a peer of @babel/core@^7.0.0-0 but none is installed. You must install peer dependencies yourself.
npm WARN @babel/plugin-transform-spread@7.2.2 requires a peer of @babel/core@^7.0.0-0 but none is installed. You must install peer dependencies yourself.
npm WARN @babel/plugin-transform-shorthand-properties@7.2.0 requires a peer of @babel/core@^7.0.0-0 but none is installed. You must install peer dependencies yourself.
npm WARN @babel/plugin-transform-template-literals@7.2.0 requires a peer of @babel/core@^7.0.0-0 but none is installed. You must install peer dependencies yourself.
npm WARN @babel/plugin-transform-typeof-symbol@7.2.0 requires a peer of @babel/core@^7.0.0-0 but none is installed. You must install peer dependencies yourself.
npm WARN @babel/plugin-transform-unicode-regex@7.2.0 requires a peer of @babel/core@^7.0.0-0 but none is installed. You must install peer dependencies yourself.
npm WARN extract-text-webpack-plugin@3.0.2 requires a peer of webpack@^3.1.0 but none is installed. You must install peer dependencies yourself.
npm WARN jest-environment-selenium@2.1.0 requires a peer of jest-environment-node@^23.1.0 but none is installed. You must install peer dependencies yourself.
npm WARN preload-webpack-plugin@2.3.0 requires a peer of webpack@^3.2.0 but none is installed. You must install peer dependencies yourself.
npm WARN optional SKIPPING OPTIONAL DEPENDENCY: fsevents@1.2.7 (node_modules/webpack/node_modules/fsevents):
npm WARN notsup SKIPPING OPTIONAL DEPENDENCY: Unsupported platform for fsevents@1.2.7: wanted {"os":"darwin","arch":"any"} (current: {"os":"linux","arch":"x64"})

2019-03-25 14:23:32.295  Package Script : npm WARN optional SKIPPING OPTIONAL DEPENDENCY: fsevents@1.2.7 (node_modules/popper/node_modules/fsevents):
npm WARN notsup SKIPPING OPTIONAL DEPENDENCY: Unsupported platform for fsevents@1.2.7: wanted {"os":"darwin","arch":"any"} (current: {"os":"linux","arch":"x64"})


2019-03-25 14:23:32.303  Package Script : npm ERR! code
2019-03-25 14:23:32.304  Package Script :  ELIFECYCLE

2019-03-25 14:23:32.305  Package Script : npm ERR! errno
2019-03-25 14:23:32.305  Package Script :  1

2019-03-25 14:23:32.306  Package Script : npm ERR! wd@1.11.1 install: `node scripts/build-browser-scripts`
npm 
2019-03-25 14:23:32.308  Package Script : ERR! Exit status 1
npm ERR! 
npm ERR! Failed at the wd@1.11.1 install script.
npm ERR! This is probably not a problem with npm. There is likely additional logging output above.

2019-03-25 14:23:33.322  Package Script : 

2019-03-25 14:23:33.332  Package Script : npm ERR! A complete log of this run can be found in:
npm ERR!     /home/pudding/.npm/_logs/2019-03-25T06_23_32_365Z-debug.log

2019-03-25 14:23:33.473  Package Script Complete 1
2019-03-25 14:23:33.475  [package-script] process completed, see pkgscript.log for more information
